2022-02-19 13:10:13,904 django.utils.autoreload 617 INFO     Watching for file changes with StatReloader
2022-02-19 13:10:17,165 django.request 230 WARNING  Not Found: /
2022-02-19 13:10:17,165 django.server 157 WARNING  "GET / HTTP/1.1" 404 2400
2022-02-19 13:10:22,912 django.request 230 WARNING  Not Found: /job
2022-02-19 13:10:22,912 django.server 157 WARNING  "GET /job HTTP/1.1" 404 2427
2022-02-19 13:10:27,630 django.server 157 INFO     "GET /joblist HTTP/1.1" 301 0
2022-02-19 13:10:27,656 django.server 157 INFO     "GET /joblist/ HTTP/1.1" 200 129
2022-02-19 13:11:22,522 django.request 230 WARNING  Not Found: /grappelli/
2022-02-19 13:11:22,522 django.server 157 WARNING  "GET /grappelli/ HTTP/1.1" 404 3163
2022-02-19 13:15:09,643 django.utils.autoreload 240 INFO     /Users/jiawen.kou/workspace/django/recruitment/settings/base.py changed, reloading.
2022-02-19 13:15:09,643 asyncio      58 DEBUG    Using selector: KqueueSelector
2022-02-19 13:15:10,104 django.utils.autoreload 617 INFO     Watching for file changes with StatReloader
2022-02-19 13:15:11,291 django.utils.autoreload 240 INFO     /Users/jiawen.kou/workspace/django/recruitment/settings/base.py changed, reloading.
2022-02-19 13:15:11,750 django.utils.autoreload 617 INFO     Watching for file changes with StatReloader
2022-02-19 13:15:14,507 asyncio      58 DEBUG    Using selector: KqueueSelector
2022-02-19 13:15:14,582 asyncio      58 DEBUG    Using selector: KqueueSelector
2022-02-19 13:34:50,620 django.utils.autoreload 617 INFO     Watching for file changes with StatReloader
2022-02-19 13:34:52,869 django.request 230 WARNING  Not Found: /
2022-02-19 13:34:52,869 django.server 157 WARNING  "GET / HTTP/1.1" 404 2510
2022-02-19 13:35:40,092 asyncio      58 DEBUG    Using selector: KqueueSelector
2022-02-19 13:35:40,164 asyncio      58 DEBUG    Using selector: KqueueSelector
2022-02-19 13:36:01,622 asyncio      58 DEBUG    Using selector: KqueueSelector
2022-02-19 13:36:12,349 asyncio      58 DEBUG    Using selector: KqueueSelector
2022-02-19 13:36:16,672 django.utils.autoreload 617 INFO     Watching for file changes with StatReloader
2022-02-19 13:38:28,431 django.request 230 WARNING  Not Found: /accounts
2022-02-19 13:38:28,431 django.server 157 WARNING  "GET /accounts HTTP/1.1" 404 2552
2022-02-19 13:38:34,422 django.request 230 WARNING  Not Found: /accounts/
2022-02-19 13:38:34,422 django.server 157 WARNING  "GET /accounts/ HTTP/1.1" 404 4875
2022-02-19 13:38:49,987 django.server 157 INFO     "GET /accounts/register HTTP/1.1" 301 0
2022-02-19 13:38:50,130 django.server 157 INFO     "GET /accounts/register/ HTTP/1.1" 302 0
2022-02-19 13:38:50,137 django.request 230 WARNING  Not Found: /accounts/profile/
2022-02-19 13:38:50,138 django.server 157 WARNING  "GET /accounts/profile/ HTTP/1.1" 404 4899
2022-02-19 13:39:17,548 django.server 157 INFO     "GET /admin/interview/candidate/ HTTP/1.1" 200 22511
2022-02-19 13:39:17,614 django.server 157 INFO     "GET /admin/jsi18n/ HTTP/1.1" 200 7732
2022-02-19 13:39:29,618 django.request 230 WARNING  Not Found: /accounts/
2022-02-19 13:39:29,618 django.server 157 WARNING  "GET /accounts/ HTTP/1.1" 404 4875
2022-02-19 13:39:35,639 django.server 157 INFO     "GET /accounts/register/ HTTP/1.1" 302 0
2022-02-19 13:39:35,647 django.request 230 WARNING  Not Found: /accounts/profile/
2022-02-19 13:39:35,648 django.server 157 WARNING  "GET /accounts/profile/ HTTP/1.1" 404 4899
2022-02-19 13:40:15,012 django.utils.autoreload 240 INFO     /Users/jiawen.kou/workspace/django/recruitment/jobs/urls.py changed, reloading.
2022-02-19 13:40:15,013 asyncio      58 DEBUG    Using selector: KqueueSelector
2022-02-19 13:40:15,701 django.utils.autoreload 617 INFO     Watching for file changes with StatReloader
2022-02-19 13:40:20,551 django.request 230 WARNING  Not Found: /
2022-02-19 13:40:20,552 django.server 157 WARNING  "GET / HTTP/1.1" 404 2503
2022-02-19 13:40:22,919 django.request 230 WARNING  Not Found: /
2022-02-19 13:40:22,920 django.server 157 WARNING  "GET / HTTP/1.1" 404 2503
2022-02-19 13:40:24,354 django.request 230 WARNING  Not Found: /
2022-02-19 13:40:24,355 django.server 157 WARNING  "GET / HTTP/1.1" 404 2503
2022-02-19 13:40:30,302 django.utils.autoreload 240 INFO     /Users/jiawen.kou/workspace/django/recruitment/jobs/urls.py changed, reloading.
2022-02-19 13:40:30,303 asyncio      58 DEBUG    Using selector: KqueueSelector
2022-02-19 13:40:30,719 django.utils.autoreload 617 INFO     Watching for file changes with StatReloader
2022-02-19 13:40:31,308 django.request 230 WARNING  Not Found: /
2022-02-19 13:40:31,308 django.server 157 WARNING  "GET / HTTP/1.1" 404 2504
2022-02-19 13:40:45,206 django.utils.autoreload 240 INFO     /Users/jiawen.kou/workspace/django/recruitment/jobs/urls.py changed, reloading.
2022-02-19 13:40:45,207 asyncio      58 DEBUG    Using selector: KqueueSelector
2022-02-19 13:40:45,621 django.utils.autoreload 617 INFO     Watching for file changes with StatReloader
2022-02-19 13:40:46,191 django.server 157 INFO     "GET / HTTP/1.1" 200 129
2022-02-19 13:40:59,929 django.server 157 INFO     "GET /accounts HTTP/1.1" 200 129
2022-02-19 13:41:02,463 django.server 157 INFO     "GET /accounts/ HTTP/1.1" 200 129
2022-02-19 13:42:04,368 django.utils.autoreload 240 INFO     /Users/jiawen.kou/workspace/django/recruitment/jobs/urls.py changed, reloading.
2022-02-19 13:42:04,369 asyncio      58 DEBUG    Using selector: KqueueSelector
2022-02-19 13:42:04,769 django.utils.autoreload 617 INFO     Watching for file changes with StatReloader
2022-02-19 13:42:09,783 django.request 230 WARNING  Not Found: /accounts/
2022-02-19 13:42:09,784 django.server 157 WARNING  "GET /accounts/ HTTP/1.1" 404 4867
2022-02-19 13:42:16,156 django.server 157 INFO     "GET /accounts/register/ HTTP/1.1" 302 0
2022-02-19 13:42:16,163 django.request 230 WARNING  Not Found: /accounts/profile/
2022-02-19 13:42:16,163 django.server 157 WARNING  "GET /accounts/profile/ HTTP/1.1" 404 4891
2022-02-19 13:42:29,181 django.request 230 WARNING  Not Found: /accounts/
2022-02-19 13:42:29,181 django.server 157 WARNING  "GET /accounts/ HTTP/1.1" 404 4867
2022-02-19 13:42:42,721 django.server 157 INFO     "GET /accounts/register/ HTTP/1.1" 302 0
2022-02-19 13:42:42,728 django.request 230 WARNING  Not Found: /accounts/profile/
2022-02-19 13:42:42,729 django.server 157 WARNING  "GET /accounts/profile/ HTTP/1.1" 404 4891
2022-02-19 13:44:11,828 django.utils.autoreload 240 INFO     /Users/jiawen.kou/workspace/django/recruitment/recruitment/urls.py changed, reloading.
2022-02-19 13:44:11,829 asyncio      58 DEBUG    Using selector: KqueueSelector
2022-02-19 13:44:12,252 django.utils.autoreload 617 INFO     Watching for file changes with StatReloader
2022-02-19 13:44:20,609 django.utils.autoreload 240 INFO     /Users/jiawen.kou/workspace/django/recruitment/recruitment/urls.py changed, reloading.
2022-02-19 13:44:20,610 asyncio      58 DEBUG    Using selector: KqueueSelector
2022-02-19 13:44:20,996 django.utils.autoreload 617 INFO     Watching for file changes with StatReloader
2022-02-19 13:44:23,257 django.utils.autoreload 240 INFO     /Users/jiawen.kou/workspace/django/recruitment/recruitment/urls.py changed, reloading.
2022-02-19 13:44:23,258 asyncio      58 DEBUG    Using selector: KqueueSelector
2022-02-19 13:44:23,653 django.utils.autoreload 617 INFO     Watching for file changes with StatReloader
2022-02-19 13:44:32,672 django.request 230 WARNING  Not Found: /accounts/profile/
2022-02-19 13:44:32,672 django.server 157 WARNING  "GET /accounts/profile/ HTTP/1.1" 404 4881
2022-02-19 13:44:40,853 django.server 157 INFO     "GET /accounts/register/ HTTP/1.1" 302 0
2022-02-19 13:44:40,859 django.request 230 WARNING  Not Found: /accounts/profile/
2022-02-19 13:44:40,859 django.server 157 WARNING  "GET /accounts/profile/ HTTP/1.1" 404 4881
2022-02-19 13:44:43,960 django.request 230 WARNING  Not Found: /accounts/profile/
2022-02-19 13:44:43,960 django.server 157 WARNING  "GET /accounts/profile/ HTTP/1.1" 404 4881
2022-02-19 13:44:44,153 django.request 230 WARNING  Not Found: /accounts/profile/
2022-02-19 13:44:44,153 django.server 157 WARNING  "GET /accounts/profile/ HTTP/1.1" 404 4881
2022-02-19 13:44:44,312 django.request 230 WARNING  Not Found: /accounts/profile/
2022-02-19 13:44:44,312 django.server 157 WARNING  "GET /accounts/profile/ HTTP/1.1" 404 4881
2022-02-19 13:44:44,466 django.request 230 WARNING  Not Found: /accounts/profile/
2022-02-19 13:44:44,466 django.server 157 WARNING  "GET /accounts/profile/ HTTP/1.1" 404 4881
2022-02-19 13:44:44,621 django.request 230 WARNING  Not Found: /accounts/profile/
2022-02-19 13:44:44,621 django.server 157 WARNING  "GET /accounts/profile/ HTTP/1.1" 404 4881
2022-02-19 13:44:53,099 django.server 157 INFO     "GET /accounts/register/ HTTP/1.1" 302 0
2022-02-19 13:44:53,106 django.request 230 WARNING  Not Found: /accounts/profile/
2022-02-19 13:44:53,106 django.server 157 WARNING  "GET /accounts/profile/ HTTP/1.1" 404 4881
2022-02-19 13:45:21,230 django.utils.autoreload 240 INFO     /Users/jiawen.kou/workspace/django/recruitment/recruitment/urls.py changed, reloading.
2022-02-19 13:45:21,231 asyncio      58 DEBUG    Using selector: KqueueSelector
2022-02-19 13:45:21,662 django.utils.autoreload 617 INFO     Watching for file changes with StatReloader
2022-02-19 13:46:09,812 django.utils.autoreload 240 INFO     /Users/jiawen.kou/workspace/django/recruitment/recruitment/urls.py changed, reloading.
2022-02-19 13:46:09,813 asyncio      58 DEBUG    Using selector: KqueueSelector
2022-02-19 13:46:10,202 django.utils.autoreload 617 INFO     Watching for file changes with StatReloader
2022-02-19 13:46:24,028 django.server 157 INFO     "GET /accounts/register/ HTTP/1.1" 302 0
2022-02-19 13:46:24,053 django.request 230 WARNING  Not Found: /accounts/profile/
2022-02-19 13:46:24,054 django.server 157 WARNING  "GET /accounts/profile/ HTTP/1.1" 404 4879
2022-02-19 13:46:27,456 django.server 157 INFO     "GET /accounts/register/ HTTP/1.1" 302 0
2022-02-19 13:46:27,462 django.request 230 WARNING  Not Found: /accounts/profile/
2022-02-19 13:46:27,463 django.server 157 WARNING  "GET /accounts/profile/ HTTP/1.1" 404 4879
2022-02-19 13:47:03,589 django.utils.autoreload 240 INFO     /Users/jiawen.kou/workspace/django/recruitment/recruitment/urls.py changed, reloading.
2022-02-19 13:47:03,589 asyncio      58 DEBUG    Using selector: KqueueSelector
2022-02-19 13:47:03,993 django.utils.autoreload 617 INFO     Watching for file changes with StatReloader
2022-02-19 13:47:20,521 django.utils.autoreload 240 INFO     /Users/jiawen.kou/workspace/django/recruitment/recruitment/urls.py changed, reloading.
2022-02-19 13:47:20,521 asyncio      58 DEBUG    Using selector: KqueueSelector
2022-02-19 13:47:20,935 django.utils.autoreload 617 INFO     Watching for file changes with StatReloader
2022-02-19 13:47:35,423 django.utils.autoreload 240 INFO     /Users/jiawen.kou/workspace/django/recruitment/recruitment/urls.py changed, reloading.
2022-02-19 13:47:35,424 asyncio      58 DEBUG    Using selector: KqueueSelector
2022-02-19 13:47:35,846 django.utils.autoreload 617 INFO     Watching for file changes with StatReloader
2022-02-19 13:47:51,945 django.server 157 INFO     "GET /accounts/register/ HTTP/1.1" 302 0
2022-02-19 13:47:51,969 django.request 230 WARNING  Not Found: /accounts/profile/
2022-02-19 13:47:51,969 django.server 157 WARNING  "GET /accounts/profile/ HTTP/1.1" 404 4879
2022-02-19 13:47:58,007 django.request 230 WARNING  Not Found: /accounts/ register/
2022-02-19 13:47:58,007 django.server 157 WARNING  "GET /accounts/%20register/ HTTP/1.1" 404 4887
2022-02-19 13:50:01,804 django.server 157 INFO     "GET / HTTP/1.1" 200 129
2022-02-19 13:50:07,653 django.server 157 INFO     "GET /admin/ HTTP/1.1" 200 11813
2022-02-19 13:50:10,609 django.server 157 INFO     "GET /admin/logout/ HTTP/1.1" 200 4878
2022-02-19 13:50:18,172 django.request 230 WARNING  Not Found: /accounts/
2022-02-19 13:50:18,172 django.server 157 WARNING  "GET /accounts/ HTTP/1.1" 404 4855
2022-02-19 13:50:22,788 django.server 157 INFO     "GET /accounts/register/ HTTP/1.1" 200 1416
2022-02-19 13:50:37,576 asyncio      58 DEBUG    Using selector: KqueueSelector
2022-02-19 13:50:37,651 asyncio      58 DEBUG    Using selector: KqueueSelector
2022-02-19 13:53:27,676 django.utils.autoreload 617 INFO     Watching for file changes with StatReloader
2022-02-19 13:53:55,844 django.server 157 INFO     "POST /accounts/register/ HTTP/1.1" 200 1598
2022-02-19 13:54:08,276 django.server 157 INFO     "POST /accounts/register/ HTTP/1.1" 200 1598
2022-02-19 13:54:27,933 django_python3_ldap.ldap 184 WARNING  LDAP bind failed: LDAPInvalidCredentialsResult - 49 - invalidCredentials - None - None - bindResponse - None
2022-02-19 13:54:28,057 django.server 157 INFO     "POST /accounts/register/ HTTP/1.1" 302 0
2022-02-19 13:54:28,077 django.server 157 INFO     "GET / HTTP/1.1" 200 129
2022-02-19 13:57:35,907 asyncio      58 DEBUG    Using selector: KqueueSelector
2022-02-19 13:57:36,027 asyncio      58 DEBUG    Using selector: KqueueSelector
2022-02-19 14:00:03,985 django.utils.autoreload 617 INFO     Watching for file changes with StatReloader
2022-02-19 14:03:12,422 django.server 157 INFO     "GET /accounts/register/ HTTP/1.1" 302 0
2022-02-19 14:03:12,440 django.server 157 INFO     "GET / HTTP/1.1" 200 129
2022-02-19 14:03:14,235 django.server 157 INFO     "GET / HTTP/1.1" 200 129
2022-02-19 14:03:21,639 django.server 157 INFO     "GET /admin/interview/candidate/ HTTP/1.1" 302 0
2022-02-19 14:03:21,780 django.server 157 INFO     "GET /admin/login/?next=/admin/interview/candidate/ HTTP/1.1" 200 6123
2022-02-19 14:03:26,073 django.server 157 INFO     "GET /admin/ HTTP/1.1" 302 0
2022-02-19 14:03:26,102 django.server 157 INFO     "GET /admin/login/?next=/admin/ HTTP/1.1" 200 6083
2022-02-19 14:03:28,704 django_python3_ldap.ldap 181 INFO     LDAP connect succeeded
2022-02-19 14:03:28,746 django_python3_ldap.ldap 76 INFO     LDAP user lookup succeeded
2022-02-19 14:03:28,758 django.server 157 INFO     "POST /admin/login/?next=/admin/ HTTP/1.1" 302 0
2022-02-19 14:03:28,785 django.server 157 INFO     "GET /admin/ HTTP/1.1" 200 11813
2022-02-19 14:03:33,226 django.server 157 INFO     "GET /admin/logout/ HTTP/1.1" 200 4878
2022-02-19 14:03:38,686 django.server 157 INFO     "GET /accounts/register/ HTTP/1.1" 200 1416
2022-02-19 14:03:51,692 django.server 157 INFO     "GET /accounts/login/ HTTP/1.1" 200 812
2022-02-19 14:03:54,302 django_python3_ldap.ldap 181 INFO     LDAP connect succeeded
2022-02-19 14:03:54,318 django_python3_ldap.ldap 76 INFO     LDAP user lookup succeeded
2022-02-19 14:03:54,329 django.server 157 INFO     "POST /accounts/login/ HTTP/1.1" 302 0
2022-02-19 14:03:54,338 django.server 157 INFO     "GET / HTTP/1.1" 200 129
2022-02-19 14:04:03,407 django.server 157 INFO     "GET /admin/ HTTP/1.1" 200 11813
2022-02-19 14:04:31,136 django.server 157 INFO     "GET /admin/logout/ HTTP/1.1" 200 4878
2022-02-19 14:04:38,613 django.server 157 INFO     "GET /accounts/register/ HTTP/1.1" 200 1416
2022-02-19 14:05:03,626 django.request 230 WARNING  Not Found: /accounts
2022-02-19 14:05:03,626 django.server 157 WARNING  "GET /accounts HTTP/1.1" 404 2541
2022-02-19 14:05:10,347 django.request 230 WARNING  Not Found: /accounts/
2022-02-19 14:05:10,347 django.server 157 WARNING  "GET /accounts/ HTTP/1.1" 404 4855
2022-02-19 14:05:21,685 django.request 230 WARNING  Not Found: /accounts/profile
2022-02-19 14:05:21,686 django.server 157 WARNING  "GET /accounts/profile HTTP/1.1" 404 4876
2022-02-19 14:05:24,749 django.request 230 WARNING  Not Found: /accounts/profile/
2022-02-19 14:05:24,749 django.server 157 WARNING  "GET /accounts/profile/ HTTP/1.1" 404 4879
2022-02-19 14:16:24,303 asyncio      58 DEBUG    Using selector: KqueueSelector
2022-02-19 14:16:24,445 asyncio      58 DEBUG    Using selector: KqueueSelector
2022-02-20 13:27:11,014 django.utils.autoreload 617 INFO     Watching for file changes with StatReloader
2022-02-20 13:27:17,568 django.request 230 ERROR    Internal Server Error: /
Traceback (most recent call last):
  File "/Users/jiawen.kou/pyenv/meetingroom/lib/python3.7/site-packages/django/template/defaulttags.py", line 1034, in find_library
    return parser.libraries[name]
KeyError: 'bootstrap4'

During handling of the above exception, another exception occurred:

Traceback (most recent call last):
  File "/Users/jiawen.kou/pyenv/meetingroom/lib/python3.7/site-packages/django/core/handlers/exception.py", line 47, in inner
    response = get_response(request)
  File "/Users/jiawen.kou/pyenv/meetingroom/lib/python3.7/site-packages/django/core/handlers/base.py", line 181, in _get_response
    response = wrapped_callback(request, *callback_args, **callback_kwargs)
  File "/Users/jiawen.kou/workspace/django/recruitment/jobs/views.py", line 17, in job_list
    return HttpResponse(template.render(context))
  File "/Users/jiawen.kou/pyenv/meetingroom/lib/python3.7/site-packages/django/template/backends/django.py", line 61, in render
    return self.template.render(context)
  File "/Users/jiawen.kou/pyenv/meetingroom/lib/python3.7/site-packages/django/template/base.py", line 170, in render
    return self._render(context)
  File "/Users/jiawen.kou/pyenv/meetingroom/lib/python3.7/site-packages/django/template/base.py", line 162, in _render
    return self.nodelist.render(context)
  File "/Users/jiawen.kou/pyenv/meetingroom/lib/python3.7/site-packages/django/template/base.py", line 938, in render
    bit = node.render_annotated(context)
  File "/Users/jiawen.kou/pyenv/meetingroom/lib/python3.7/site-packages/django/template/base.py", line 905, in render_annotated
    return self.render(context)
  File "/Users/jiawen.kou/pyenv/meetingroom/lib/python3.7/site-packages/django/template/loader_tags.py", line 127, in render
    compiled_parent = self.get_parent(context)
  File "/Users/jiawen.kou/pyenv/meetingroom/lib/python3.7/site-packages/django/template/loader_tags.py", line 124, in get_parent
    return self.find_template(parent, context)
  File "/Users/jiawen.kou/pyenv/meetingroom/lib/python3.7/site-packages/django/template/loader_tags.py", line 104, in find_template
    template_name, skip=history,
  File "/Users/jiawen.kou/pyenv/meetingroom/lib/python3.7/site-packages/django/template/engine.py", line 125, in find_template
    template = loader.get_template(name, skip=skip)
  File "/Users/jiawen.kou/pyenv/meetingroom/lib/python3.7/site-packages/django/template/loaders/base.py", line 30, in get_template
    contents, origin, origin.template_name, self.engine,
  File "/Users/jiawen.kou/pyenv/meetingroom/lib/python3.7/site-packages/django/template/base.py", line 155, in __init__
    self.nodelist = self.compile_nodelist()
  File "/Users/jiawen.kou/pyenv/meetingroom/lib/python3.7/site-packages/django/template/base.py", line 193, in compile_nodelist
    return parser.parse()
  File "/Users/jiawen.kou/pyenv/meetingroom/lib/python3.7/site-packages/django/template/base.py", line 478, in parse
    raise self.error(token, e)
  File "/Users/jiawen.kou/pyenv/meetingroom/lib/python3.7/site-packages/django/template/base.py", line 476, in parse
    compiled_result = compile_func(self, token)
  File "/Users/jiawen.kou/pyenv/meetingroom/lib/python3.7/site-packages/django/template/defaulttags.py", line 1091, in load
    lib = find_library(parser, name)
  File "/Users/jiawen.kou/pyenv/meetingroom/lib/python3.7/site-packages/django/template/defaulttags.py", line 1038, in find_library
    name, "\n".join(sorted(parser.libraries)),
django.template.exceptions.TemplateSyntaxError: 'bootstrap4' is not a registered tag library. Must be one of:
admin_list
admin_modify
admin_urls
cache
grp_tags
i18n
l10n
log
static
tz
2022-02-20 13:27:17,572 django.server 157 ERROR    "GET / HTTP/1.1" 500 154327
2022-02-20 13:27:35,737 django.request 230 ERROR    Internal Server Error: /
Traceback (most recent call last):
  File "/Users/jiawen.kou/pyenv/meetingroom/lib/python3.7/site-packages/django/template/base.py", line 470, in parse
    compile_func = self.tags[command]
KeyError: 'bootstrap_css'

During handling of the above exception, another exception occurred:

Traceback (most recent call last):
  File "/Users/jiawen.kou/pyenv/meetingroom/lib/python3.7/site-packages/django/core/handlers/exception.py", line 47, in inner
    response = get_response(request)
  File "/Users/jiawen.kou/pyenv/meetingroom/lib/python3.7/site-packages/django/core/handlers/base.py", line 181, in _get_response
    response = wrapped_callback(request, *callback_args, **callback_kwargs)
  File "/Users/jiawen.kou/workspace/django/recruitment/jobs/views.py", line 17, in job_list
    return HttpResponse(template.render(context))
  File "/Users/jiawen.kou/pyenv/meetingroom/lib/python3.7/site-packages/django/template/backends/django.py", line 61, in render
    return self.template.render(context)
  File "/Users/jiawen.kou/pyenv/meetingroom/lib/python3.7/site-packages/django/template/base.py", line 170, in render
    return self._render(context)
  File "/Users/jiawen.kou/pyenv/meetingroom/lib/python3.7/site-packages/django/template/base.py", line 162, in _render
    return self.nodelist.render(context)
  File "/Users/jiawen.kou/pyenv/meetingroom/lib/python3.7/site-packages/django/template/base.py", line 938, in render
    bit = node.render_annotated(context)
  File "/Users/jiawen.kou/pyenv/meetingroom/lib/python3.7/site-packages/django/template/base.py", line 905, in render_annotated
    return self.render(context)
  File "/Users/jiawen.kou/pyenv/meetingroom/lib/python3.7/site-packages/django/template/loader_tags.py", line 127, in render
    compiled_parent = self.get_parent(context)
  File "/Users/jiawen.kou/pyenv/meetingroom/lib/python3.7/site-packages/django/template/loader_tags.py", line 124, in get_parent
    return self.find_template(parent, context)
  File "/Users/jiawen.kou/pyenv/meetingroom/lib/python3.7/site-packages/django/template/loader_tags.py", line 104, in find_template
    template_name, skip=history,
  File "/Users/jiawen.kou/pyenv/meetingroom/lib/python3.7/site-packages/django/template/engine.py", line 125, in find_template
    template = loader.get_template(name, skip=skip)
  File "/Users/jiawen.kou/pyenv/meetingroom/lib/python3.7/site-packages/django/template/loaders/base.py", line 30, in get_template
    contents, origin, origin.template_name, self.engine,
  File "/Users/jiawen.kou/pyenv/meetingroom/lib/python3.7/site-packages/django/template/base.py", line 155, in __init__
    self.nodelist = self.compile_nodelist()
  File "/Users/jiawen.kou/pyenv/meetingroom/lib/python3.7/site-packages/django/template/base.py", line 193, in compile_nodelist
    return parser.parse()
  File "/Users/jiawen.kou/pyenv/meetingroom/lib/python3.7/site-packages/django/template/base.py", line 472, in parse
    self.invalid_block_tag(token, command, parse_until)
  File "/Users/jiawen.kou/pyenv/meetingroom/lib/python3.7/site-packages/django/template/base.py", line 534, in invalid_block_tag
    "or load this tag?" % (token.lineno, command)
django.template.exceptions.TemplateSyntaxError: Invalid block tag on line 5: 'bootstrap_css'. Did you forget to register or load this tag?
2022-02-20 13:27:35,738 django.server 157 ERROR    "GET / HTTP/1.1" 500 147480
2022-02-20 13:28:08,308 asyncio      58 DEBUG    Using selector: KqueueSelector
2022-02-20 13:28:08,377 asyncio      58 DEBUG    Using selector: KqueueSelector
2022-02-20 13:28:09,809 django.utils.autoreload 617 INFO     Watching for file changes with StatReloader
2022-02-20 13:28:14,475 django.request 230 ERROR    Internal Server Error: /
Traceback (most recent call last):
  File "/Users/jiawen.kou/pyenv/meetingroom/lib/python3.7/site-packages/django/template/base.py", line 470, in parse
    compile_func = self.tags[command]
KeyError: 'translate'

During handling of the above exception, another exception occurred:

Traceback (most recent call last):
  File "/Users/jiawen.kou/pyenv/meetingroom/lib/python3.7/site-packages/django/core/handlers/exception.py", line 47, in inner
    response = get_response(request)
  File "/Users/jiawen.kou/pyenv/meetingroom/lib/python3.7/site-packages/django/core/handlers/base.py", line 181, in _get_response
    response = wrapped_callback(request, *callback_args, **callback_kwargs)
  File "/Users/jiawen.kou/workspace/django/recruitment/jobs/views.py", line 17, in job_list
    return HttpResponse(template.render(context))
  File "/Users/jiawen.kou/pyenv/meetingroom/lib/python3.7/site-packages/django/template/backends/django.py", line 61, in render
    return self.template.render(context)
  File "/Users/jiawen.kou/pyenv/meetingroom/lib/python3.7/site-packages/django/template/base.py", line 170, in render
    return self._render(context)
  File "/Users/jiawen.kou/pyenv/meetingroom/lib/python3.7/site-packages/django/template/base.py", line 162, in _render
    return self.nodelist.render(context)
  File "/Users/jiawen.kou/pyenv/meetingroom/lib/python3.7/site-packages/django/template/base.py", line 938, in render
    bit = node.render_annotated(context)
  File "/Users/jiawen.kou/pyenv/meetingroom/lib/python3.7/site-packages/django/template/base.py", line 905, in render_annotated
    return self.render(context)
  File "/Users/jiawen.kou/pyenv/meetingroom/lib/python3.7/site-packages/django/template/loader_tags.py", line 127, in render
    compiled_parent = self.get_parent(context)
  File "/Users/jiawen.kou/pyenv/meetingroom/lib/python3.7/site-packages/django/template/loader_tags.py", line 124, in get_parent
    return self.find_template(parent, context)
  File "/Users/jiawen.kou/pyenv/meetingroom/lib/python3.7/site-packages/django/template/loader_tags.py", line 104, in find_template
    template_name, skip=history,
  File "/Users/jiawen.kou/pyenv/meetingroom/lib/python3.7/site-packages/django/template/engine.py", line 125, in find_template
    template = loader.get_template(name, skip=skip)
  File "/Users/jiawen.kou/pyenv/meetingroom/lib/python3.7/site-packages/django/template/loaders/base.py", line 30, in get_template
    contents, origin, origin.template_name, self.engine,
  File "/Users/jiawen.kou/pyenv/meetingroom/lib/python3.7/site-packages/django/template/base.py", line 155, in __init__
    self.nodelist = self.compile_nodelist()
  File "/Users/jiawen.kou/pyenv/meetingroom/lib/python3.7/site-packages/django/template/base.py", line 193, in compile_nodelist
    return parser.parse()
  File "/Users/jiawen.kou/pyenv/meetingroom/lib/python3.7/site-packages/django/template/base.py", line 472, in parse
    self.invalid_block_tag(token, command, parse_until)
  File "/Users/jiawen.kou/pyenv/meetingroom/lib/python3.7/site-packages/django/template/base.py", line 534, in invalid_block_tag
    "or load this tag?" % (token.lineno, command)
django.template.exceptions.TemplateSyntaxError: Invalid block tag on line 3: 'translate'. Did you forget to register or load this tag?
2022-02-20 13:28:14,477 django.server 157 ERROR    "GET / HTTP/1.1" 500 145597
2022-02-20 13:30:54,987 django.request 230 ERROR    Internal Server Error: /
Traceback (most recent call last):
  File "/Users/jiawen.kou/pyenv/meetingroom/lib/python3.7/site-packages/django/template/base.py", line 470, in parse
    compile_func = self.tags[command]
KeyError: 'get_current_language'

During handling of the above exception, another exception occurred:

Traceback (most recent call last):
  File "/Users/jiawen.kou/pyenv/meetingroom/lib/python3.7/site-packages/django/core/handlers/exception.py", line 47, in inner
    response = get_response(request)
  File "/Users/jiawen.kou/pyenv/meetingroom/lib/python3.7/site-packages/django/core/handlers/base.py", line 181, in _get_response
    response = wrapped_callback(request, *callback_args, **callback_kwargs)
  File "/Users/jiawen.kou/workspace/django/recruitment/jobs/views.py", line 17, in job_list
    return HttpResponse(template.render(context))
  File "/Users/jiawen.kou/pyenv/meetingroom/lib/python3.7/site-packages/django/template/backends/django.py", line 61, in render
    return self.template.render(context)
  File "/Users/jiawen.kou/pyenv/meetingroom/lib/python3.7/site-packages/django/template/base.py", line 170, in render
    return self._render(context)
  File "/Users/jiawen.kou/pyenv/meetingroom/lib/python3.7/site-packages/django/template/base.py", line 162, in _render
    return self.nodelist.render(context)
  File "/Users/jiawen.kou/pyenv/meetingroom/lib/python3.7/site-packages/django/template/base.py", line 938, in render
    bit = node.render_annotated(context)
  File "/Users/jiawen.kou/pyenv/meetingroom/lib/python3.7/site-packages/django/template/base.py", line 905, in render_annotated
    return self.render(context)
  File "/Users/jiawen.kou/pyenv/meetingroom/lib/python3.7/site-packages/django/template/loader_tags.py", line 127, in render
    compiled_parent = self.get_parent(context)
  File "/Users/jiawen.kou/pyenv/meetingroom/lib/python3.7/site-packages/django/template/loader_tags.py", line 124, in get_parent
    return self.find_template(parent, context)
  File "/Users/jiawen.kou/pyenv/meetingroom/lib/python3.7/site-packages/django/template/loader_tags.py", line 104, in find_template
    template_name, skip=history,
  File "/Users/jiawen.kou/pyenv/meetingroom/lib/python3.7/site-packages/django/template/engine.py", line 125, in find_template
    template = loader.get_template(name, skip=skip)
  File "/Users/jiawen.kou/pyenv/meetingroom/lib/python3.7/site-packages/django/template/loaders/base.py", line 30, in get_template
    contents, origin, origin.template_name, self.engine,
  File "/Users/jiawen.kou/pyenv/meetingroom/lib/python3.7/site-packages/django/template/base.py", line 155, in __init__
    self.nodelist = self.compile_nodelist()
  File "/Users/jiawen.kou/pyenv/meetingroom/lib/python3.7/site-packages/django/template/base.py", line 193, in compile_nodelist
    return parser.parse()
  File "/Users/jiawen.kou/pyenv/meetingroom/lib/python3.7/site-packages/django/template/base.py", line 478, in parse
    raise self.error(token, e)
  File "/Users/jiawen.kou/pyenv/meetingroom/lib/python3.7/site-packages/django/template/base.py", line 476, in parse
    compiled_result = compile_func(self, token)
  File "/Users/jiawen.kou/pyenv/meetingroom/lib/python3.7/site-packages/django/template/loader_tags.py", line 213, in do_block
    nodelist = parser.parse(('endblock',))
  File "/Users/jiawen.kou/pyenv/meetingroom/lib/python3.7/site-packages/django/template/base.py", line 472, in parse
    self.invalid_block_tag(token, command, parse_until)
  File "/Users/jiawen.kou/pyenv/meetingroom/lib/python3.7/site-packages/django/template/base.py", line 528, in invalid_block_tag
    get_text_list(["'%s'" % p for p in parse_until], 'or'),
django.template.exceptions.TemplateSyntaxError: Invalid block tag on line 28: 'get_current_language', expected 'endblock'. Did you forget to register or load this tag?
2022-02-20 13:30:54,987 django.server 157 ERROR    "GET / HTTP/1.1" 500 162937
2022-02-20 13:32:24,697 django.request 230 ERROR    Internal Server Error: /
Traceback (most recent call last):
  File "/Users/jiawen.kou/pyenv/meetingroom/lib/python3.7/site-packages/django/core/handlers/exception.py", line 47, in inner
    response = get_response(request)
  File "/Users/jiawen.kou/pyenv/meetingroom/lib/python3.7/site-packages/django/core/handlers/base.py", line 181, in _get_response
    response = wrapped_callback(request, *callback_args, **callback_kwargs)
  File "/Users/jiawen.kou/workspace/django/recruitment/jobs/views.py", line 17, in job_list
    return HttpResponse(template.render(context))
  File "/Users/jiawen.kou/pyenv/meetingroom/lib/python3.7/site-packages/django/template/backends/django.py", line 61, in render
    return self.template.render(context)
  File "/Users/jiawen.kou/pyenv/meetingroom/lib/python3.7/site-packages/django/template/base.py", line 170, in render
    return self._render(context)
  File "/Users/jiawen.kou/pyenv/meetingroom/lib/python3.7/site-packages/django/template/base.py", line 162, in _render
    return self.nodelist.render(context)
  File "/Users/jiawen.kou/pyenv/meetingroom/lib/python3.7/site-packages/django/template/base.py", line 938, in render
    bit = node.render_annotated(context)
  File "/Users/jiawen.kou/pyenv/meetingroom/lib/python3.7/site-packages/django/template/base.py", line 905, in render_annotated
    return self.render(context)
  File "/Users/jiawen.kou/pyenv/meetingroom/lib/python3.7/site-packages/django/template/loader_tags.py", line 127, in render
    compiled_parent = self.get_parent(context)
  File "/Users/jiawen.kou/pyenv/meetingroom/lib/python3.7/site-packages/django/template/loader_tags.py", line 124, in get_parent
    return self.find_template(parent, context)
  File "/Users/jiawen.kou/pyenv/meetingroom/lib/python3.7/site-packages/django/template/loader_tags.py", line 104, in find_template
    template_name, skip=history,
  File "/Users/jiawen.kou/pyenv/meetingroom/lib/python3.7/site-packages/django/template/engine.py", line 125, in find_template
    template = loader.get_template(name, skip=skip)
  File "/Users/jiawen.kou/pyenv/meetingroom/lib/python3.7/site-packages/django/template/loaders/base.py", line 30, in get_template
    contents, origin, origin.template_name, self.engine,
  File "/Users/jiawen.kou/pyenv/meetingroom/lib/python3.7/site-packages/django/template/base.py", line 155, in __init__
    self.nodelist = self.compile_nodelist()
  File "/Users/jiawen.kou/pyenv/meetingroom/lib/python3.7/site-packages/django/template/base.py", line 193, in compile_nodelist
    return parser.parse()
  File "/Users/jiawen.kou/pyenv/meetingroom/lib/python3.7/site-packages/django/template/base.py", line 478, in parse
    raise self.error(token, e)
  File "/Users/jiawen.kou/pyenv/meetingroom/lib/python3.7/site-packages/django/template/base.py", line 476, in parse
    compiled_result = compile_func(self, token)
  File "/Users/jiawen.kou/pyenv/meetingroom/lib/python3.7/site-packages/django/template/loader_tags.py", line 213, in do_block
    nodelist = parser.parse(('endblock',))
  File "/Users/jiawen.kou/pyenv/meetingroom/lib/python3.7/site-packages/django/template/base.py", line 483, in parse
    self.unclosed_block_tag(parse_until)
  File "/Users/jiawen.kou/pyenv/meetingroom/lib/python3.7/site-packages/django/template/base.py", line 544, in unclosed_block_tag
    raise self.error(token, msg)
django.template.exceptions.TemplateSyntaxError: Unclosed tag on line 5: 'block'. Looking for one of: endblock.
2022-02-20 13:32:24,698 django.server 157 ERROR    "GET / HTTP/1.1" 500 149125
2022-02-20 13:33:06,408 asyncio      58 DEBUG    Using selector: KqueueSelector
2022-02-20 13:33:06,481 asyncio      58 DEBUG    Using selector: KqueueSelector
